
Running 6 tests using 1 worker

marketing actions executed: 32
marketing failures flagged: 20
  О“ВЈГґ  1 [chromium] О“Г‡в•‘ e2e\comprehensive-audit.spec.ts:13:13 О“Г‡в•‘ Comprehensive audit matrix О“Г‡в•‘ runs the marketing action audit (1.9m)
onboarding-shell actions executed: 31
onboarding-shell failures flagged: 8
  О“ВЈГґ  2 [chromium] О“Г‡в•‘ e2e\comprehensive-audit.spec.ts:13:13 О“Г‡в•‘ Comprehensive audit matrix О“Г‡в•‘ runs the onboarding-shell action audit (1.8m)
employees-leave-contracts actions executed: 31
employees-leave-contracts failures flagged: 4
  О“ВЈГґ  3 [chromium] О“Г‡в•‘ e2e\comprehensive-audit.spec.ts:13:13 О“Г‡в•‘ Comprehensive audit matrix О“Г‡в•‘ runs the employees-leave-contracts action audit (1.5m)
payroll-documents-history actions executed: 41
payroll-documents-history failures flagged: 12
  О“ВЈГґ  4 [chromium] О“Г‡в•‘ e2e\comprehensive-audit.spec.ts:13:13 О“Г‡в•‘ Comprehensive audit matrix О“Г‡в•‘ runs the payroll-documents-history action audit (2.0m)
compliance-storage-billing actions executed: 30
compliance-storage-billing failures flagged: 8
  О“ВЈГґ  5 [chromium] О“Г‡в•‘ e2e\comprehensive-audit.spec.ts:13:13 О“Г‡в•‘ Comprehensive audit matrix О“Г‡в•‘ runs the compliance-storage-billing action audit (42.1s)
Audit actions executed: 165
Audit failures flagged: 52
Audit report written to: C:\Users\mzaka.ZAK-PC\Documents\Apps\LekkerLedger-1\e2e-reports\latest-audit-report.md
  О“ВЈГґ  6 [chromium] О“Г‡в•‘ e2e\comprehensive-audit.spec.ts:32:9 О“Г‡в•‘ Comprehensive audit matrix О“Г‡в•‘ writes the combined markdown audit report (4ms)

  Slow test file: [chromium] О“Г‡в•‘ e2e\comprehensive-audit.spec.ts (8.0m)
  Consider running tests from slow files in parallel. See: https://playwright.dev/docs/test-parallel
  6 passed (8.1m)
