https://lekker-ledger-1140lj98u-nightshiftlabszas-projects.vercel.app
https://lekker-ledger-kp86tma0r-nightshiftlabszas-projects.vercel.app
https://lekker-ledger-41oauoveb-nightshiftlabszas-projects.vercel.app
https://lekker-ledger-204nmjpow-nightshiftlabszas-projects.vercel.app
https://lekker-ledger-apurz6pvd-nightshiftlabszas-projects.vercel.app
https://lekker-ledger-azjdi9j7d-nightshiftlabszas-projects.vercel.app
https://lekker-ledger-npzn3ac6x-nightshiftlabszas-projects.vercel.app
https://lekker-ledger-mflgtnnm6-nightshiftlabszas-projects.vercel.app
https://lekker-ledger-8lkx5t48v-nightshiftlabszas-projects.vercel.app
https://efiling-docready-5s06dbxoc-nightshiftlabszas-projects.vercel.app
https://efiling-docready-25ctguuex-nightshiftlabszas-projects.vercel.app
https://e-filing-doc-ready-5vup1cf6j-nightshiftlabszas-projects.vercel.app
https://lekker-ledger-ee5xotlba-nightshiftlabszas-projects.vercel.app
https://lekker-ledger-mykud3xnu-nightshiftlabszas-projects.vercel.app
https://efiling-docready-62jy04p4p-nightshiftlabszas-projects.vercel.app
https://e-filing-doc-ready-d4egjh2vn-nightshiftlabszas-projects.vercel.app
https://efiling-docready-mhipx6yeq-nightshiftlabszas-projects.vercel.app
https://lekker-ledger-ndh8q5uy6-nightshiftlabszas-projects.vercel.app
https://efiling-docready-1kj2kkbcr-nightshiftlabszas-projects.vercel.app
https://e-filing-doc-ready-af98mewws-nightshiftlabszas-projects.vercel.app
